[2025-11-24 06:49:34] [INFO] Training Logistic Regression...
[2025-11-24 06:49:45] [METRICS] Model: Logistic Regression
[2025-11-24 06:49:45] [METRICS]   accuracy: 0.7922
[2025-11-24 06:49:45] [METRICS]   precision: 0.7115
[2025-11-24 06:49:45] [METRICS]   recall: 0.6852
[2025-11-24 06:49:45] [METRICS]   f1_score: 0.6981
[2025-11-24 06:49:45] [METRICS]   roc_auc: 0.8735
[2025-11-24 06:49:45] [METRICS]   avg_precision: 0.7926
[2025-11-24 06:49:45] [METRICS]   true_negatives: 85.0000
[2025-11-24 06:49:45] [METRICS]   false_positives: 15.0000
[2025-11-24 06:49:45] [METRICS]   false_negatives: 17.0000
[2025-11-24 06:49:45] [METRICS]   true_positives: 37.0000
[2025-11-24 06:49:45] [METRICS]   specificity: 0.8500
[2025-11-24 06:49:45] [INFO] Training KNN...
[2025-11-24 06:49:52] [METRICS] Model: KNN
[2025-11-24 06:49:52] [METRICS]   accuracy: 0.8312
[2025-11-24 06:49:52] [METRICS]   precision: 0.7800
[2025-11-24 06:49:52] [METRICS]   recall: 0.7222
[2025-11-24 06:49:52] [METRICS]   f1_score: 0.7500
[2025-11-24 06:49:52] [METRICS]   roc_auc: 0.8662
[2025-11-24 06:49:52] [METRICS]   avg_precision: 0.7546
[2025-11-24 06:49:52] [METRICS]   true_negatives: 89.0000
[2025-11-24 06:49:52] [METRICS]   false_positives: 11.0000
[2025-11-24 06:49:52] [METRICS]   false_negatives: 15.0000
[2025-11-24 06:49:52] [METRICS]   true_positives: 39.0000
[2025-11-24 06:49:52] [METRICS]   specificity: 0.8900
[2025-11-24 06:49:52] [INFO] Training SVM...
[2025-11-24 06:49:59] [METRICS] Model: SVM
[2025-11-24 06:49:59] [METRICS]   accuracy: 0.8377
[2025-11-24 06:49:59] [METRICS]   precision: 0.7736
[2025-11-24 06:49:59] [METRICS]   recall: 0.7593
[2025-11-24 06:49:59] [METRICS]   f1_score: 0.7664
[2025-11-24 06:49:59] [METRICS]   roc_auc: 0.9005
[2025-11-24 06:49:59] [METRICS]   avg_precision: 0.8277
[2025-11-24 06:49:59] [METRICS]   true_negatives: 88.0000
[2025-11-24 06:49:59] [METRICS]   false_positives: 12.0000
[2025-11-24 06:49:59] [METRICS]   false_negatives: 13.0000
[2025-11-24 06:49:59] [METRICS]   true_positives: 41.0000
[2025-11-24 06:49:59] [METRICS]   specificity: 0.8800
[2025-11-24 06:49:59] [INFO] Training Decision Tree...
[2025-11-24 06:50:06] [METRICS] Model: Decision Tree
[2025-11-24 06:50:06] [METRICS]   accuracy: 0.8117
[2025-11-24 06:50:06] [METRICS]   precision: 0.7119
[2025-11-24 06:50:06] [METRICS]   recall: 0.7778
[2025-11-24 06:50:06] [METRICS]   f1_score: 0.7434
[2025-11-24 06:50:06] [METRICS]   roc_auc: 0.8028
[2025-11-24 06:50:06] [METRICS]   avg_precision: 0.6316
[2025-11-24 06:50:06] [METRICS]   true_negatives: 83.0000
[2025-11-24 06:50:06] [METRICS]   false_positives: 17.0000
[2025-11-24 06:50:06] [METRICS]   false_negatives: 12.0000
[2025-11-24 06:50:06] [METRICS]   true_positives: 42.0000
[2025-11-24 06:50:06] [METRICS]   specificity: 0.8300
[2025-11-24 06:50:06] [INFO] Training Random Forest...
[2025-11-25 07:17:47] [INFO] Training Logistic Regression...
[2025-11-25 07:18:08] [METRICS] Model: Logistic Regression
[2025-11-25 07:18:08] [METRICS]   accuracy: 0.7922
[2025-11-25 07:18:08] [METRICS]   precision: 0.7115
[2025-11-25 07:18:08] [METRICS]   recall: 0.6852
[2025-11-25 07:18:08] [METRICS]   f1_score: 0.6981
[2025-11-25 07:18:08] [METRICS]   roc_auc: 0.8735
[2025-11-25 07:18:08] [METRICS]   avg_precision: 0.7926
[2025-11-25 07:18:08] [METRICS]   true_negatives: 85.0000
[2025-11-25 07:18:08] [METRICS]   false_positives: 15.0000
[2025-11-25 07:18:08] [METRICS]   false_negatives: 17.0000
[2025-11-25 07:18:08] [METRICS]   true_positives: 37.0000
[2025-11-25 07:18:08] [METRICS]   specificity: 0.8500
[2025-11-25 07:18:08] [INFO] Training KNN...
[2025-11-25 07:18:25] [METRICS] Model: KNN
[2025-11-25 07:18:25] [METRICS]   accuracy: 0.8312
[2025-11-25 07:18:25] [METRICS]   precision: 0.7800
[2025-11-25 07:18:25] [METRICS]   recall: 0.7222
[2025-11-25 07:18:25] [METRICS]   f1_score: 0.7500
[2025-11-25 07:18:25] [METRICS]   roc_auc: 0.8662
[2025-11-25 07:18:25] [METRICS]   avg_precision: 0.7546
[2025-11-25 07:18:25] [METRICS]   true_negatives: 89.0000
[2025-11-25 07:18:25] [METRICS]   false_positives: 11.0000
[2025-11-25 07:18:25] [METRICS]   false_negatives: 15.0000
[2025-11-25 07:18:26] [METRICS]   true_positives: 39.0000
[2025-11-25 07:18:26] [METRICS]   specificity: 0.8900
[2025-11-25 07:18:26] [INFO] Training SVM...
[2025-11-25 07:18:43] [METRICS] Model: SVM
[2025-11-25 07:18:43] [METRICS]   accuracy: 0.8377
[2025-11-25 07:18:43] [METRICS]   precision: 0.7736
[2025-11-25 07:18:43] [METRICS]   recall: 0.7593
[2025-11-25 07:18:43] [METRICS]   f1_score: 0.7664
[2025-11-25 07:18:43] [METRICS]   roc_auc: 0.9005
[2025-11-25 07:18:43] [METRICS]   avg_precision: 0.8277
[2025-11-25 07:18:43] [METRICS]   true_negatives: 88.0000
[2025-11-25 07:18:43] [METRICS]   false_positives: 12.0000
[2025-11-25 07:18:43] [METRICS]   false_negatives: 13.0000
[2025-11-25 07:18:43] [METRICS]   true_positives: 41.0000
[2025-11-25 07:18:43] [METRICS]   specificity: 0.8800
[2025-11-25 07:18:43] [INFO] Training Decision Tree...
[2025-11-25 07:18:54] [METRICS] Model: Decision Tree
[2025-11-25 07:18:54] [METRICS]   accuracy: 0.8117
[2025-11-25 07:18:54] [METRICS]   precision: 0.7119
[2025-11-25 07:18:54] [METRICS]   recall: 0.7778
[2025-11-25 07:18:54] [METRICS]   f1_score: 0.7434
[2025-11-25 07:18:54] [METRICS]   roc_auc: 0.8028
[2025-11-25 07:18:54] [METRICS]   avg_precision: 0.6316
[2025-11-25 07:18:54] [METRICS]   true_negatives: 83.0000
[2025-11-25 07:18:54] [METRICS]   false_positives: 17.0000
[2025-11-25 07:18:54] [METRICS]   false_negatives: 12.0000
[2025-11-25 07:18:54] [METRICS]   true_positives: 42.0000
[2025-11-25 07:18:54] [METRICS]   specificity: 0.8300
[2025-11-25 07:18:54] [INFO] Training Random Forest...
